

Started GET "/" for 127.0.0.1 at 2013-04-27 15:36:47 -0400
Processing by HomeController#index as HTML
  Rendered home/index.html.haml within layouts/application (1.7ms)
Compiled application.css  (0ms)  (pid 17606)
Compiled jquery.js  (1ms)  (pid 17606)
Compiled jquery_ujs.js  (0ms)  (pid 17606)
Compiled application.js  (14ms)  (pid 17606)
Completed 200 OK in 66ms (Views: 65.4ms)


Started GET "/assets/application.css?body=1" for 127.0.0.1 at 2013-04-27 15:36:47 -0400
Served asset /application.css - 200 OK (2ms)


Started GET "/assets/jquery.js?body=1" for 127.0.0.1 at 2013-04-27 15:36:47 -0400
Served asset /jquery.js - 200 OK (3ms)


Started GET "/assets/jquery_ujs.js?body=1" for 127.0.0.1 at 2013-04-27 15:36:47 -0400
Served asset /jquery_ujs.js - 200 OK (1ms)


Started GET "/assets/application.js?body=1" for 127.0.0.1 at 2013-04-27 15:36:47 -0400
Served asset /application.js - 200 OK (2ms)


Started GET "/" for 127.0.0.1 at 2013-04-27 15:44:51 -0400
Processing by HomeController#index as HTML
ERROR: compiling _app_views_home_index_html_haml__2275638891872387213_70245645717880 RAISED /Users/rob/git/healthystuff/app/views/home/index.html.haml:3: syntax error, unexpected tIDENTIFIER, expecting ')'
... link_to "My Groups" group_path(id:"hello")
...                               ^
Function body:           def _app_views_home_index_html_haml__2275638891872387213_70245645717880(local_assigns, output_buffer)
            _old_virtual_path, @virtual_path = @virtual_path, "home/index";_old_output_buffer = @output_buffer;;begin;extend Haml::Helpers;_hamlout = @haml_buffer = Haml::Buffer.new(haml_buffer, {:autoclose=>["meta", "img", "link", "br", "hr", "input", "area", "param", "col", "base"], :preserve=>["textarea", "pre", "code"], :attr_wrapper=>"'", :ugly=>false, :format=>:html5, :encoding=>"UTF-8", :escape_html=>true, :escape_attrs=>true, :hyphenate_data_attrs=>true, :cdata=>false});_erbout = _hamlout.buffer;@output_buffer = output_buffer ||= ActionView::OutputBuffer.new rescue nil;;_hamlout.push_text("welcome to healthystuff\n#{

_hamlout.format_script_false_false_false_true_false_true_false(( link_to "My Groups" group_path(id:"hello")
));}\n", 0, false);::Haml::Util.html_safe(_erbout);ensure;@haml_buffer = @haml_buffer.upper if @haml_buffer;end;
          ensure
            @virtual_path, @output_buffer = _old_virtual_path, _old_output_buffer
          end

Backtrace: /Users/rob/.rvm/gems/ruby-1.9.3-p392@healthystuff/gems/actionpack-3.2.13/lib/action_view/template.rb:297:in `module_eval'
/Users/rob/.rvm/gems/ruby-1.9.3-p392@healthystuff/gems/actionpack-3.2.13/lib/action_view/template.rb:297:in `compile'
/Users/rob/.rvm/gems/ruby-1.9.3-p392@healthystuff/gems/actionpack-3.2.13/lib/action_view/template.rb:244:in `block in compile!'
<internal:prelude>:10:in `synchronize'
/Users/rob/.rvm/gems/ruby-1.9.3-p392@healthystuff/gems/actionpack-3.2.13/lib/action_view/template.rb:232:in `compile!'
/Users/rob/.rvm/gems/ruby-1.9.3-p392@healthystuff/gems/actionpack-3.2.13/lib/action_view/template.rb:144:in `block in render'
/Users/rob/.rvm/gems/ruby-1.9.3-p392@healthystuff/gems/activesupport-3.2.13/lib/active_support/notifications.rb:125:in `instrument'
/Users/rob/.rvm/gems/ruby-1.9.3-p392@healthystuff/gems/actionpack-3.2.13/lib/action_view/template.rb:143:in `render'
/Users/rob/.rvm/gems/ruby-1.9.3-p392@healthystuff/gems/actionpack-3.2.13/lib/action_view/renderer/template_renderer.rb:47:in `block (2 levels) in render_template'
/Users/rob/.rvm/gems/ruby-1.9.3-p392@healthystuff/gems/actionpack-3.2.13/lib/action_view/renderer/abstract_renderer.rb:38:in `block in instrument'
/Users/rob/.rvm/gems/ruby-1.9.3-p392@healthystuff/gems/activesupport-3.2.13/lib/active_support/notifications.rb:123:in `block in instrument'
/Users/rob/.rvm/gems/ruby-1.9.3-p392@healthystuff/gems/activesupport-3.2.13/lib/active_support/notifications/instrumenter.rb:20:in `instrument'
/Users/rob/.rvm/gems/ruby-1.9.3-p392@healthystuff/gems/activesupport-3.2.13/lib/active_support/notifications.rb:123:in `instrument'
/Users/rob/.rvm/gems/ruby-1.9.3-p392@healthystuff/gems/actionpack-3.2.13/lib/action_view/renderer/abstract_renderer.rb:38:in `instrument'
/Users/rob/.rvm/gems/ruby-1.9.3-p392@healthystuff/gems/actionpack-3.2.13/lib/action_view/renderer/template_renderer.rb:46:in `block in render_template'
/Users/rob/.rvm/gems/ruby-1.9.3-p392@healthystuff/gems/actionpack-3.2.13/lib/action_view/renderer/template_renderer.rb:54:in `render_with_layout'
/Users/rob/.rvm/gems/ruby-1.9.3-p392@healthystuff/gems/actionpack-3.2.13/lib/action_view/renderer/template_renderer.rb:45:in `render_template'
/Users/rob/.rvm/gems/ruby-1.9.3-p392@healthystuff/gems/actionpack-3.2.13/lib/action_view/renderer/template_renderer.rb:18:in `render'
/Users/rob/.rvm/gems/ruby-1.9.3-p392@healthystuff/gems/actionpack-3.2.13/lib/action_view/renderer/renderer.rb:36:in `render_template'
/Users/rob/.rvm/gems/ruby-1.9.3-p392@healthystuff/gems/actionpack-3.2.13/lib/action_view/renderer/renderer.rb:17:in `render'
/Users/rob/.rvm/gems/ruby-1.9.3-p392@healthystuff/gems/actionpack-3.2.13/lib/abstract_controller/rendering.rb:110:in `_render_template'
/Users/rob/.rvm/gems/ruby-1.9.3-p392@healthystuff/gems/actionpack-3.2.13/lib/action_controller/metal/streaming.rb:225:in `_render_template'
/Users/rob/.rvm/gems/ruby-1.9.3-p392@healthystuff/gems/actionpack-3.2.13/lib/abstract_controller/rendering.rb:103:in `render_to_body'
/Users/rob/.rvm/gems/ruby-1.9.3-p392@healthystuff/gems/actionpack-3.2.13/lib/action_controller/metal/renderers.rb:28:in `render_to_body'
/Users/rob/.rvm/gems/ruby-1.9.3-p392@healthystuff/gems/actionpack-3.2.13/lib/action_controller/metal/compatibility.rb:50:in `render_to_body'
/Users/rob/.rvm/gems/ruby-1.9.3-p392@healthystuff/gems/actionpack-3.2.13/lib/abstract_controller/rendering.rb:88:in `render'
/Users/rob/.rvm/gems/ruby-1.9.3-p392@healthystuff/gems/actionpack-3.2.13/lib/action_controller/metal/rendering.rb:16:in `render'
/Users/rob/.rvm/gems/ruby-1.9.3-p392@healthystuff/gems/actionpack-3.2.13/lib/action_controller/metal/instrumentation.rb:40:in `block (2 levels) in render'
/Users/rob/.rvm/gems/ruby-1.9.3-p392@healthystuff/gems/activesupport-3.2.13/lib/active_support/core_ext/benchmark.rb:5:in `block in ms'
/Users/rob/.rvm/rubies/ruby-1.9.3-p392/lib/ruby/1.9.1/benchmark.rb:295:in `realtime'
/Users/rob/.rvm/gems/ruby-1.9.3-p392@healthystuff/gems/activesupport-3.2.13/lib/active_support/core_ext/benchmark.rb:5:in `ms'
/Users/rob/.rvm/gems/ruby-1.9.3-p392@healthystuff/gems/actionpack-3.2.13/lib/action_controller/metal/instrumentation.rb:40:in `block in render'
/Users/rob/.rvm/gems/ruby-1.9.3-p392@healthystuff/gems/actionpack-3.2.13/lib/action_controller/metal/instrumentation.rb:83:in `cleanup_view_runtime'
/Users/rob/.rvm/gems/ruby-1.9.3-p392@healthystuff/gems/actionpack-3.2.13/lib/action_controller/metal/instrumentation.rb:39:in `render'
/Users/rob/.rvm/gems/ruby-1.9.3-p392@healthystuff/gems/actionpack-3.2.13/lib/action_controller/metal/implicit_render.rb:10:in `default_render'
/Users/rob/.rvm/gems/ruby-1.9.3-p392@healthystuff/gems/actionpack-3.2.13/lib/action_controller/metal/implicit_render.rb:5:in `send_action'
/Users/rob/.rvm/gems/ruby-1.9.3-p392@healthystuff/gems/actionpack-3.2.13/lib/abstract_controller/base.rb:167:in `process_action'
/Users/rob/.rvm/gems/ruby-1.9.3-p392@healthystuff/gems/actionpack-3.2.13/lib/action_controller/metal/rendering.rb:10:in `process_action'
/Users/rob/.rvm/gems/ruby-1.9.3-p392@healthystuff/gems/actionpack-3.2.13/lib/abstract_controller/callbacks.rb:18:in `block in process_action'
/Users/rob/.rvm/gems/ruby-1.9.3-p392@healthystuff/gems/activesupport-3.2.13/lib/active_support/callbacks.rb:414:in `_run__1640071580730562587__process_action__2486853354353035192__callbacks'
/Users/rob/.rvm/gems/ruby-1.9.3-p392@healthystuff/gems/activesupport-3.2.13/lib/active_support/callbacks.rb:405:in `__run_callback'
/Users/rob/.rvm/gems/ruby-1.9.3-p392@healthystuff/gems/activesupport-3.2.13/lib/active_support/callbacks.rb:385:in `_run_process_action_callbacks'
/Users/rob/.rvm/gems/ruby-1.9.3-p392@healthystuff/gems/activesupport-3.2.13/lib/active_support/callbacks.rb:81:in `run_callbacks'
/Users/rob/.rvm/gems/ruby-1.9.3-p392@healthystuff/gems/actionpack-3.2.13/lib/abstract_controller/callbacks.rb:17:in `process_action'
/Users/rob/.rvm/gems/ruby-1.9.3-p392@healthystuff/gems/actionpack-3.2.13/lib/action_controller/metal/rescue.rb:29:in `process_action'
/Users/rob/.rvm/gems/ruby-1.9.3-p392@healthystuff/gems/actionpack-3.2.13/lib/action_controller/metal/instrumentation.rb:30:in `block in process_action'
/Users/rob/.rvm/gems/ruby-1.9.3-p392@healthystuff/gems/activesupport-3.2.13/lib/active_support/notifications.rb:123:in `block in instrument'
/Users/rob/.rvm/gems/ruby-1.9.3-p392@healthystuff/gems/activesupport-3.2.13/lib/active_support/notifications/instrumenter.rb:20:in `instrument'
/Users/rob/.rvm/gems/ruby-1.9.3-p392@healthystuff/gems/activesupport-3.2.13/lib/active_support/notifications.rb:123:in `instrument'
/Users/rob/.rvm/gems/ruby-1.9.3-p392@healthystuff/gems/actionpack-3.2.13/lib/action_controller/metal/instrumentation.rb:29:in `process_action'
/Users/rob/.rvm/gems/ruby-1.9.3-p392@healthystuff/gems/actionpack-3.2.13/lib/action_controller/metal/params_wrapper.rb:207:in `process_action'
/Users/rob/.rvm/gems/ruby-1.9.3-p392@healthystuff/gems/actionpack-3.2.13/lib/abstract_controller/base.rb:121:in `process'
/Users/rob/.rvm/gems/ruby-1.9.3-p392@healthystuff/gems/actionpack-3.2.13/lib/abstract_controller/rendering.rb:45:in `process'
/Users/rob/.rvm/gems/ruby-1.9.3-p392@healthystuff/gems/actionpack-3.2.13/lib/action_controller/metal.rb:203:in `dispatch'
/Users/rob/.rvm/gems/ruby-1.9.3-p392@healthystuff/gems/actionpack-3.2.13/lib/action_controller/metal/rack_delegation.rb:14:in `dispatch'
/Users/rob/.rvm/gems/ruby-1.9.3-p392@healthystuff/gems/actionpack-3.2.13/lib/action_controller/metal.rb:246:in `block in action'
/Users/rob/.rvm/gems/ruby-1.9.3-p392@healthystuff/gems/actionpack-3.2.13/lib/action_dispatch/routing/route_set.rb:73:in `call'
/Users/rob/.rvm/gems/ruby-1.9.3-p392@healthystuff/gems/actionpack-3.2.13/lib/action_dispatch/routing/route_set.rb:73:in `dispatch'
/Users/rob/.rvm/gems/ruby-1.9.3-p392@healthystuff/gems/actionpack-3.2.13/lib/action_dispatch/routing/route_set.rb:36:in `call'
/Users/rob/.rvm/gems/ruby-1.9.3-p392@healthystuff/gems/journey-1.0.4/lib/journey/router.rb:68:in `block in call'
/Users/rob/.rvm/gems/ruby-1.9.3-p392@healthystuff/gems/journey-1.0.4/lib/journey/router.rb:56:in `each'
/Users/rob/.rvm/gems/ruby-1.9.3-p392@healthystuff/gems/journey-1.0.4/lib/journey/router.rb:56:in `call'
/Users/rob/.rvm/gems/ruby-1.9.3-p392@healthystuff/gems/actionpack-3.2.13/lib/action_dispatch/routing/route_set.rb:612:in `call'
/Users/rob/.rvm/gems/ruby-1.9.3-p392@healthystuff/gems/mongoid-3.0.23/lib/rack/mongoid/middleware/identity_map.rb:34:in `block in call'
/Users/rob/.rvm/gems/ruby-1.9.3-p392@healthystuff/gems/mongoid-3.0.23/lib/mongoid/unit_of_work.rb:39:in `unit_of_work'
/Users/rob/.rvm/gems/ruby-1.9.3-p392@healthystuff/gems/mongoid-3.0.23/lib/rack/mongoid/middleware/identity_map.rb:34:in `call'
/Users/rob/.rvm/gems/ruby-1.9.3-p392@healthystuff/gems/actionpack-3.2.13/lib/action_dispatch/middleware/best_standards_support.rb:17:in `call'
/Users/rob/.rvm/gems/ruby-1.9.3-p392@healthystuff/gems/rack-1.4.5/lib/rack/etag.rb:23:in `call'
/Users/rob/.rvm/gems/ruby-1.9.3-p392@healthystuff/gems/rack-1.4.5/lib/rack/conditionalget.rb:25:in `call'
/Users/rob/.rvm/gems/ruby-1.9.3-p392@healthystuff/gems/actionpack-3.2.13/lib/action_dispatch/middleware/head.rb:14:in `call'
/Users/rob/.rvm/gems/ruby-1.9.3-p392@healthystuff/gems/actionpack-3.2.13/lib/action_dispatch/middleware/params_parser.rb:21:in `call'
/Users/rob/.rvm/gems/ruby-1.9.3-p392@healthystuff/gems/actionpack-3.2.13/lib/action_dispatch/middleware/flash.rb:242:in `call'
/Users/rob/.rvm/gems/ruby-1.9.3-p392@healthystuff/gems/rack-1.4.5/lib/rack/session/abstract/id.rb:210:in `context'
/Users/rob/.rvm/gems/ruby-1.9.3-p392@healthystuff/gems/rack-1.4.5/lib/rack/session/abstract/id.rb:205:in `call'
/Users/rob/.rvm/gems/ruby-1.9.3-p392@healthystuff/gems/actionpack-3.2.13/lib/action_dispatch/middleware/cookies.rb:341:in `call'
/Users/rob/.rvm/gems/ruby-1.9.3-p392@healthystuff/gems/actionpack-3.2.13/lib/action_dispatch/middleware/callbacks.rb:28:in `block in call'
/Users/rob/.rvm/gems/ruby-1.9.3-p392@healthystuff/gems/activesupport-3.2.13/lib/active_support/callbacks.rb:405:in `_run__1885468673726947173__call__1356091460957545390__callbacks'
/Users/rob/.rvm/gems/ruby-1.9.3-p392@healthystuff/gems/activesupport-3.2.13/lib/active_support/callbacks.rb:405:in `__run_callback'
/Users/rob/.rvm/gems/ruby-1.9.3-p392@healthystuff/gems/activesupport-3.2.13/lib/active_support/callbacks.rb:385:in `_run_call_callbacks'
/Users/rob/.rvm/gems/ruby-1.9.3-p392@healthystuff/gems/activesupport-3.2.13/lib/active_support/callbacks.rb:81:in `run_callbacks'
/Users/rob/.rvm/gems/ruby-1.9.3-p392@healthystuff/gems/actionpack-3.2.13/lib/action_dispatch/middleware/callbacks.rb:27:in `call'
/Users/rob/.rvm/gems/ruby-1.9.3-p392@healthystuff/gems/actionpack-3.2.13/lib/action_dispatch/middleware/reloader.rb:65:in `call'
/Users/rob/.rvm/gems/ruby-1.9.3-p392@healthystuff/gems/actionpack-3.2.13/lib/action_dispatch/middleware/remote_ip.rb:31:in `call'
/Users/rob/.rvm/gems/ruby-1.9.3-p392@healthystuff/gems/actionpack-3.2.13/lib/action_dispatch/middleware/debug_exceptions.rb:16:in `call'
/Users/rob/.rvm/gems/ruby-1.9.3-p392@healthystuff/gems/actionpack-3.2.13/lib/action_dispatch/middleware/show_exceptions.rb:56:in `call'
/Users/rob/.rvm/gems/ruby-1.9.3-p392@healthystuff/gems/railties-3.2.13/lib/rails/rack/logger.rb:32:in `call_app'
/Users/rob/.rvm/gems/ruby-1.9.3-p392@healthystuff/gems/railties-3.2.13/lib/rails/rack/logger.rb:16:in `block in call'
/Users/rob/.rvm/gems/ruby-1.9.3-p392@healthystuff/gems/activesupport-3.2.13/lib/active_support/tagged_logging.rb:22:in `tagged'
/Users/rob/.rvm/gems/ruby-1.9.3-p392@healthystuff/gems/railties-3.2.13/lib/rails/rack/logger.rb:16:in `call'
/Users/rob/.rvm/gems/ruby-1.9.3-p392@healthystuff/gems/actionpack-3.2.13/lib/action_dispatch/middleware/request_id.rb:22:in `call'
/Users/rob/.rvm/gems/ruby-1.9.3-p392@healthystuff/gems/rack-1.4.5/lib/rack/methodoverride.rb:21:in `call'
/Users/rob/.rvm/gems/ruby-1.9.3-p392@healthystuff/gems/rack-1.4.5/lib/rack/runtime.rb:17:in `call'
/Users/rob/.rvm/gems/ruby-1.9.3-p392@healthystuff/gems/activesupport-3.2.13/lib/active_support/cache/strategy/local_cache.rb:72:in `call'
/Users/rob/.rvm/gems/ruby-1.9.3-p392@healthystuff/gems/rack-1.4.5/lib/rack/lock.rb:15:in `call'
/Users/rob/.rvm/gems/ruby-1.9.3-p392@healthystuff/gems/actionpack-3.2.13/lib/action_dispatch/middleware/static.rb:63:in `call'
/Users/rob/.rvm/gems/ruby-1.9.3-p392@healthystuff/gems/railties-3.2.13/lib/rails/engine.rb:479:in `call'
/Users/rob/.rvm/gems/ruby-1.9.3-p392@healthystuff/gems/railties-3.2.13/lib/rails/application.rb:223:in `call'
/Users/rob/.rvm/gems/ruby-1.9.3-p392@healthystuff/gems/rack-1.4.5/lib/rack/content_length.rb:14:in `call'
/Users/rob/.rvm/gems/ruby-1.9.3-p392@healthystuff/gems/railties-3.2.13/lib/rails/rack/log_tailer.rb:17:in `call'
/Users/rob/.rvm/gems/ruby-1.9.3-p392@healthystuff/gems/rack-1.4.5/lib/rack/handler/webrick.rb:59:in `service'
/Users/rob/.rvm/rubies/ruby-1.9.3-p392/lib/ruby/1.9.1/webrick/httpserver.rb:138:in `service'
/Users/rob/.rvm/rubies/ruby-1.9.3-p392/lib/ruby/1.9.1/webrick/httpserver.rb:94:in `run'
/Users/rob/.rvm/rubies/ruby-1.9.3-p392/lib/ruby/1.9.1/webrick/server.rb:191:in `block in start_thread'
  Rendered home/index.html.haml within layouts/application (3.4ms)
Completed 500 Internal Server Error in 28ms

ActionView::Template::Error (/Users/rob/git/healthystuff/app/views/home/index.html.haml:3: syntax error, unexpected tIDENTIFIER, expecting ')'
... link_to "My Groups" group_path(id:"hello")
...                               ^):
    1: welcome to healthystuff
    2: 
    3: = link_to "My Groups" group_path(id:"hello")
  actionpack (3.2.13) lib/action_view/template.rb:297:in `module_eval'
  actionpack (3.2.13) lib/action_view/template.rb:297:in `compile'
  actionpack (3.2.13) lib/action_view/template.rb:244:in `block in compile!'
  <internal:prelude>:10:in `synchronize'
  actionpack (3.2.13) lib/action_view/template.rb:232:in `compile!'
  actionpack (3.2.13) lib/action_view/template.rb:144:in `block in render'
  activesupport (3.2.13) lib/active_support/notifications.rb:125:in `instrument'
  actionpack (3.2.13) lib/action_view/template.rb:143:in `render'
  actionpack (3.2.13) lib/action_view/renderer/template_renderer.rb:47:in `block (2 levels) in render_template'
  actionpack (3.2.13) lib/action_view/renderer/abstract_renderer.rb:38:in `block in instrument'
  activesupport (3.2.13) lib/active_support/notifications.rb:123:in `block in instrument'
  activesupport (3.2.13) lib/active_support/notifications/instrumenter.rb:20:in `instrument'
  activesupport (3.2.13) lib/active_support/notifications.rb:123:in `instrument'
  actionpack (3.2.13) lib/action_view/renderer/abstract_renderer.rb:38:in `instrument'
  actionpack (3.2.13) lib/action_view/renderer/template_renderer.rb:46:in `block in render_template'
  actionpack (3.2.13) lib/action_view/renderer/template_renderer.rb:54:in `render_with_layout'
  actionpack (3.2.13) lib/action_view/renderer/template_renderer.rb:45:in `render_template'
  actionpack (3.2.13) lib/action_view/renderer/template_renderer.rb:18:in `render'
  actionpack (3.2.13) lib/action_view/renderer/renderer.rb:36:in `render_template'
  actionpack (3.2.13) lib/action_view/renderer/renderer.rb:17:in `render'
  actionpack (3.2.13) lib/abstract_controller/rendering.rb:110:in `_render_template'
  actionpack (3.2.13) lib/action_controller/metal/streaming.rb:225:in `_render_template'
  actionpack (3.2.13) lib/abstract_controller/rendering.rb:103:in `render_to_body'
  actionpack (3.2.13) lib/action_controller/metal/renderers.rb:28:in `render_to_body'
  actionpack (3.2.13) lib/action_controller/metal/compatibility.rb:50:in `render_to_body'
  actionpack (3.2.13) lib/abstract_controller/rendering.rb:88:in `render'
  actionpack (3.2.13) lib/action_controller/metal/rendering.rb:16:in `render'
  actionpack (3.2.13) lib/action_controller/metal/instrumentation.rb:40:in `block (2 levels) in render'
  activesupport (3.2.13) lib/active_support/core_ext/benchmark.rb:5:in `block in ms'
  /Users/rob/.rvm/rubies/ruby-1.9.3-p392/lib/ruby/1.9.1/benchmark.rb:295:in `realtime'
  activesupport (3.2.13) lib/active_support/core_ext/benchmark.rb:5:in `ms'
  actionpack (3.2.13) lib/action_controller/metal/instrumentation.rb:40:in `block in render'
  actionpack (3.2.13) lib/action_controller/metal/instrumentation.rb:83:in `cleanup_view_runtime'
  actionpack (3.2.13) lib/action_controller/metal/instrumentation.rb:39:in `render'
  actionpack (3.2.13) lib/action_controller/metal/implicit_render.rb:10:in `default_render'
  actionpack (3.2.13) lib/action_controller/metal/implicit_render.rb:5:in `send_action'
  actionpack (3.2.13) lib/abstract_controller/base.rb:167:in `process_action'
  actionpack (3.2.13) lib/action_controller/metal/rendering.rb:10:in `process_action'
  actionpack (3.2.13) lib/abstract_controller/callbacks.rb:18:in `block in process_action'
  activesupport (3.2.13) lib/active_support/callbacks.rb:414:in `_run__1640071580730562587__process_action__2486853354353035192__callbacks'
  activesupport (3.2.13) lib/active_support/callbacks.rb:405:in `__run_callback'
  activesupport (3.2.13) lib/active_support/callbacks.rb:385:in `_run_process_action_callbacks'
  activesupport (3.2.13) lib/active_support/callbacks.rb:81:in `run_callbacks'
  actionpack (3.2.13) lib/abstract_controller/callbacks.rb:17:in `process_action'
  actionpack (3.2.13) lib/action_controller/metal/rescue.rb:29:in `process_action'
  actionpack (3.2.13) lib/action_controller/metal/instrumentation.rb:30:in `block in process_action'
  activesupport (3.2.13) lib/active_support/notifications.rb:123:in `block in instrument'
  activesupport (3.2.13) lib/active_support/notifications/instrumenter.rb:20:in `instrument'
  activesupport (3.2.13) lib/active_support/notifications.rb:123:in `instrument'
  actionpack (3.2.13) lib/action_controller/metal/instrumentation.rb:29:in `process_action'
  actionpack (3.2.13) lib/action_controller/metal/params_wrapper.rb:207:in `process_action'
  actionpack (3.2.13) lib/abstract_controller/base.rb:121:in `process'
  actionpack (3.2.13) lib/abstract_controller/rendering.rb:45:in `process'
  actionpack (3.2.13) lib/action_controller/metal.rb:203:in `dispatch'
  actionpack (3.2.13) lib/action_controller/metal/rack_delegation.rb:14:in `dispatch'
  actionpack (3.2.13) lib/action_controller/metal.rb:246:in `block in action'
  actionpack (3.2.13) lib/action_dispatch/routing/route_set.rb:73:in `call'
  actionpack (3.2.13) lib/action_dispatch/routing/route_set.rb:73:in `dispatch'
  actionpack (3.2.13) lib/action_dispatch/routing/route_set.rb:36:in `call'
  journey (1.0.4) lib/journey/router.rb:68:in `block in call'
  journey (1.0.4) lib/journey/router.rb:56:in `each'
  journey (1.0.4) lib/journey/router.rb:56:in `call'
  actionpack (3.2.13) lib/action_dispatch/routing/route_set.rb:612:in `call'
  mongoid (3.0.23) lib/rack/mongoid/middleware/identity_map.rb:34:in `block in call'
  mongoid (3.0.23) lib/mongoid/unit_of_work.rb:39:in `unit_of_work'
  mongoid (3.0.23) lib/rack/mongoid/middleware/identity_map.rb:34:in `call'
  actionpack (3.2.13) lib/action_dispatch/middleware/best_standards_support.rb:17:in `call'
  rack (1.4.5) lib/rack/etag.rb:23:in `call'
  rack (1.4.5) lib/rack/conditionalget.rb:25:in `call'
  actionpack (3.2.13) lib/action_dispatch/middleware/head.rb:14:in `call'
  actionpack (3.2.13) lib/action_dispatch/middleware/params_parser.rb:21:in `call'
  actionpack (3.2.13) lib/action_dispatch/middleware/flash.rb:242:in `call'
  rack (1.4.5) lib/rack/session/abstract/id.rb:210:in `context'
  rack (1.4.5) lib/rack/session/abstract/id.rb:205:in `call'
  actionpack (3.2.13) lib/action_dispatch/middleware/cookies.rb:341:in `call'
  actionpack (3.2.13) lib/action_dispatch/middleware/callbacks.rb:28:in `block in call'
  activesupport (3.2.13) lib/active_support/callbacks.rb:405:in `_run__1885468673726947173__call__1356091460957545390__callbacks'
  activesupport (3.2.13) lib/active_support/callbacks.rb:405:in `__run_callback'
  activesupport (3.2.13) lib/active_support/callbacks.rb:385:in `_run_call_callbacks'
  activesupport (3.2.13) lib/active_support/callbacks.rb:81:in `run_callbacks'
  actionpack (3.2.13) lib/action_dispatch/middleware/callbacks.rb:27:in `call'
  actionpack (3.2.13) lib/action_dispatch/middleware/reloader.rb:65:in `call'
  actionpack (3.2.13) lib/action_dispatch/middleware/remote_ip.rb:31:in `call'
  actionpack (3.2.13) lib/action_dispatch/middleware/debug_exceptions.rb:16:in `call'
  actionpack (3.2.13) lib/action_dispatch/middleware/show_exceptions.rb:56:in `call'
  railties (3.2.13) lib/rails/rack/logger.rb:32:in `call_app'
  railties (3.2.13) lib/rails/rack/logger.rb:16:in `block in call'
  activesupport (3.2.13) lib/active_support/tagged_logging.rb:22:in `tagged'
  railties (3.2.13) lib/rails/rack/logger.rb:16:in `call'
  actionpack (3.2.13) lib/action_dispatch/middleware/request_id.rb:22:in `call'
  rack (1.4.5) lib/rack/methodoverride.rb:21:in `call'
  rack (1.4.5) lib/rack/runtime.rb:17:in `call'
  activesupport (3.2.13) lib/active_support/cache/strategy/local_cache.rb:72:in `call'
  rack (1.4.5) lib/rack/lock.rb:15:in `call'
  actionpack (3.2.13) lib/action_dispatch/middleware/static.rb:63:in `call'
  railties (3.2.13) lib/rails/engine.rb:479:in `call'
  railties (3.2.13) lib/rails/application.rb:223:in `call'
  rack (1.4.5) lib/rack/content_length.rb:14:in `call'
  railties (3.2.13) lib/rails/rack/log_tailer.rb:17:in `call'
  rack (1.4.5) lib/rack/handler/webrick.rb:59:in `service'
  /Users/rob/.rvm/rubies/ruby-1.9.3-p392/lib/ruby/1.9.1/webrick/httpserver.rb:138:in `service'
  /Users/rob/.rvm/rubies/ruby-1.9.3-p392/lib/ruby/1.9.1/webrick/httpserver.rb:94:in `run'
  /Users/rob/.rvm/rubies/ruby-1.9.3-p392/lib/ruby/1.9.1/webrick/server.rb:191:in `block in start_thread'


  Rendered /Users/rob/.rvm/gems/ruby-1.9.3-p392@healthystuff/gems/actionpack-3.2.13/lib/action_dispatch/middleware/templates/rescues/_trace.erb (0.9ms)
  Rendered /Users/rob/.rvm/gems/ruby-1.9.3-p392@healthystuff/gems/actionpack-3.2.13/lib/action_dispatch/middleware/templates/rescues/_request_and_response.erb (0.7ms)
  Rendered /Users/rob/.rvm/gems/ruby-1.9.3-p392@healthystuff/gems/actionpack-3.2.13/lib/action_dispatch/middleware/templates/rescues/template_error.erb within rescues/layout (9.2ms)


Started GET "/" for 127.0.0.1 at 2013-04-27 15:47:11 -0400
Processing by HomeController#index as HTML
ERROR: compiling _app_views_home_index_html_haml__2275638891872387213_70245670397840 RAISED /Users/rob/git/healthystuff/app/views/home/index.html.haml:3: syntax error, unexpected tIDENTIFIER, expecting ')'
..._to "My Groups" group_show_path(id:"hello")
...                               ^
Function body:           def _app_views_home_index_html_haml__2275638891872387213_70245670397840(local_assigns, output_buffer)
            _old_virtual_path, @virtual_path = @virtual_path, "home/index";_old_output_buffer = @output_buffer;;begin;extend Haml::Helpers;_hamlout = @haml_buffer = Haml::Buffer.new(haml_buffer, {:autoclose=>["meta", "img", "link", "br", "hr", "input", "area", "param", "col", "base"], :preserve=>["textarea", "pre", "code"], :attr_wrapper=>"'", :ugly=>false, :format=>:html5, :encoding=>"UTF-8", :escape_html=>true, :escape_attrs=>true, :hyphenate_data_attrs=>true, :cdata=>false});_erbout = _hamlout.buffer;@output_buffer = output_buffer ||= ActionView::OutputBuffer.new rescue nil;;_hamlout.push_text("welcome to healthystuff\n#{

_hamlout.format_script_false_false_false_true_false_true_false(( link_to "My Groups" group_show_path(id:"hello")
));}\n", 0, false);::Haml::Util.html_safe(_erbout);ensure;@haml_buffer = @haml_buffer.upper if @haml_buffer;end;
          ensure
            @virtual_path, @output_buffer = _old_virtual_path, _old_output_buffer
          end

Backtrace: /Users/rob/.rvm/gems/ruby-1.9.3-p392@healthystuff/gems/actionpack-3.2.13/lib/action_view/template.rb:297:in `module_eval'
/Users/rob/.rvm/gems/ruby-1.9.3-p392@healthystuff/gems/actionpack-3.2.13/lib/action_view/template.rb:297:in `compile'
/Users/rob/.rvm/gems/ruby-1.9.3-p392@healthystuff/gems/actionpack-3.2.13/lib/action_view/template.rb:244:in `block in compile!'
<internal:prelude>:10:in `synchronize'
/Users/rob/.rvm/gems/ruby-1.9.3-p392@healthystuff/gems/actionpack-3.2.13/lib/action_view/template.rb:232:in `compile!'
/Users/rob/.rvm/gems/ruby-1.9.3-p392@healthystuff/gems/actionpack-3.2.13/lib/action_view/template.rb:144:in `block in render'
/Users/rob/.rvm/gems/ruby-1.9.3-p392@healthystuff/gems/activesupport-3.2.13/lib/active_support/notifications.rb:125:in `instrument'
/Users/rob/.rvm/gems/ruby-1.9.3-p392@healthystuff/gems/actionpack-3.2.13/lib/action_view/template.rb:143:in `render'
/Users/rob/.rvm/gems/ruby-1.9.3-p392@healthystuff/gems/actionpack-3.2.13/lib/action_view/renderer/template_renderer.rb:47:in `block (2 levels) in render_template'
/Users/rob/.rvm/gems/ruby-1.9.3-p392@healthystuff/gems/actionpack-3.2.13/lib/action_view/renderer/abstract_renderer.rb:38:in `block in instrument'
/Users/rob/.rvm/gems/ruby-1.9.3-p392@healthystuff/gems/activesupport-3.2.13/lib/active_support/notifications.rb:123:in `block in instrument'
/Users/rob/.rvm/gems/ruby-1.9.3-p392@healthystuff/gems/activesupport-3.2.13/lib/active_support/notifications/instrumenter.rb:20:in `instrument'
/Users/rob/.rvm/gems/ruby-1.9.3-p392@healthystuff/gems/activesupport-3.2.13/lib/active_support/notifications.rb:123:in `instrument'
/Users/rob/.rvm/gems/ruby-1.9.3-p392@healthystuff/gems/actionpack-3.2.13/lib/action_view/renderer/abstract_renderer.rb:38:in `instrument'
/Users/rob/.rvm/gems/ruby-1.9.3-p392@healthystuff/gems/actionpack-3.2.13/lib/action_view/renderer/template_renderer.rb:46:in `block in render_template'
/Users/rob/.rvm/gems/ruby-1.9.3-p392@healthystuff/gems/actionpack-3.2.13/lib/action_view/renderer/template_renderer.rb:54:in `render_with_layout'
/Users/rob/.rvm/gems/ruby-1.9.3-p392@healthystuff/gems/actionpack-3.2.13/lib/action_view/renderer/template_renderer.rb:45:in `render_template'
/Users/rob/.rvm/gems/ruby-1.9.3-p392@healthystuff/gems/actionpack-3.2.13/lib/action_view/renderer/template_renderer.rb:18:in `render'
/Users/rob/.rvm/gems/ruby-1.9.3-p392@healthystuff/gems/actionpack-3.2.13/lib/action_view/renderer/renderer.rb:36:in `render_template'
/Users/rob/.rvm/gems/ruby-1.9.3-p392@healthystuff/gems/actionpack-3.2.13/lib/action_view/renderer/renderer.rb:17:in `render'
/Users/rob/.rvm/gems/ruby-1.9.3-p392@healthystuff/gems/actionpack-3.2.13/lib/abstract_controller/rendering.rb:110:in `_render_template'
/Users/rob/.rvm/gems/ruby-1.9.3-p392@healthystuff/gems/actionpack-3.2.13/lib/action_controller/metal/streaming.rb:225:in `_render_template'
/Users/rob/.rvm/gems/ruby-1.9.3-p392@healthystuff/gems/actionpack-3.2.13/lib/abstract_controller/rendering.rb:103:in `render_to_body'
/Users/rob/.rvm/gems/ruby-1.9.3-p392@healthystuff/gems/actionpack-3.2.13/lib/action_controller/metal/renderers.rb:28:in `render_to_body'
/Users/rob/.rvm/gems/ruby-1.9.3-p392@healthystuff/gems/actionpack-3.2.13/lib/action_controller/metal/compatibility.rb:50:in `render_to_body'
/Users/rob/.rvm/gems/ruby-1.9.3-p392@healthystuff/gems/actionpack-3.2.13/lib/abstract_controller/rendering.rb:88:in `render'
/Users/rob/.rvm/gems/ruby-1.9.3-p392@healthystuff/gems/actionpack-3.2.13/lib/action_controller/metal/rendering.rb:16:in `render'
/Users/rob/.rvm/gems/ruby-1.9.3-p392@healthystuff/gems/actionpack-3.2.13/lib/action_controller/metal/instrumentation.rb:40:in `block (2 levels) in render'
/Users/rob/.rvm/gems/ruby-1.9.3-p392@healthystuff/gems/activesupport-3.2.13/lib/active_support/core_ext/benchmark.rb:5:in `block in ms'
/Users/rob/.rvm/rubies/ruby-1.9.3-p392/lib/ruby/1.9.1/benchmark.rb:295:in `realtime'
/Users/rob/.rvm/gems/ruby-1.9.3-p392@healthystuff/gems/activesupport-3.2.13/lib/active_support/core_ext/benchmark.rb:5:in `ms'
/Users/rob/.rvm/gems/ruby-1.9.3-p392@healthystuff/gems/actionpack-3.2.13/lib/action_controller/metal/instrumentation.rb:40:in `block in render'
/Users/rob/.rvm/gems/ruby-1.9.3-p392@healthystuff/gems/actionpack-3.2.13/lib/action_controller/metal/instrumentation.rb:83:in `cleanup_view_runtime'
/Users/rob/.rvm/gems/ruby-1.9.3-p392@healthystuff/gems/actionpack-3.2.13/lib/action_controller/metal/instrumentation.rb:39:in `render'
/Users/rob/.rvm/gems/ruby-1.9.3-p392@healthystuff/gems/actionpack-3.2.13/lib/action_controller/metal/implicit_render.rb:10:in `default_render'
/Users/rob/.rvm/gems/ruby-1.9.3-p392@healthystuff/gems/actionpack-3.2.13/lib/action_controller/metal/implicit_render.rb:5:in `send_action'
/Users/rob/.rvm/gems/ruby-1.9.3-p392@healthystuff/gems/actionpack-3.2.13/lib/abstract_controller/base.rb:167:in `process_action'
/Users/rob/.rvm/gems/ruby-1.9.3-p392@healthystuff/gems/actionpack-3.2.13/lib/action_controller/metal/rendering.rb:10:in `process_action'
/Users/rob/.rvm/gems/ruby-1.9.3-p392@healthystuff/gems/actionpack-3.2.13/lib/abstract_controller/callbacks.rb:18:in `block in process_action'
/Users/rob/.rvm/gems/ruby-1.9.3-p392@healthystuff/gems/activesupport-3.2.13/lib/active_support/callbacks.rb:414:in `_run__1640071580730562587__process_action__2486853354353035192__callbacks'
/Users/rob/.rvm/gems/ruby-1.9.3-p392@healthystuff/gems/activesupport-3.2.13/lib/active_support/callbacks.rb:405:in `__run_callback'
/Users/rob/.rvm/gems/ruby-1.9.3-p392@healthystuff/gems/activesupport-3.2.13/lib/active_support/callbacks.rb:385:in `_run_process_action_callbacks'
/Users/rob/.rvm/gems/ruby-1.9.3-p392@healthystuff/gems/activesupport-3.2.13/lib/active_support/callbacks.rb:81:in `run_callbacks'
/Users/rob/.rvm/gems/ruby-1.9.3-p392@healthystuff/gems/actionpack-3.2.13/lib/abstract_controller/callbacks.rb:17:in `process_action'
/Users/rob/.rvm/gems/ruby-1.9.3-p392@healthystuff/gems/actionpack-3.2.13/lib/action_controller/metal/rescue.rb:29:in `process_action'
/Users/rob/.rvm/gems/ruby-1.9.3-p392@healthystuff/gems/actionpack-3.2.13/lib/action_controller/metal/instrumentation.rb:30:in `block in process_action'
/Users/rob/.rvm/gems/ruby-1.9.3-p392@healthystuff/gems/activesupport-3.2.13/lib/active_support/notifications.rb:123:in `block in instrument'
/Users/rob/.rvm/gems/ruby-1.9.3-p392@healthystuff/gems/activesupport-3.2.13/lib/active_support/notifications/instrumenter.rb:20:in `instrument'
/Users/rob/.rvm/gems/ruby-1.9.3-p392@healthystuff/gems/activesupport-3.2.13/lib/active_support/notifications.rb:123:in `instrument'
/Users/rob/.rvm/gems/ruby-1.9.3-p392@healthystuff/gems/actionpack-3.2.13/lib/action_controller/metal/instrumentation.rb:29:in `process_action'
/Users/rob/.rvm/gems/ruby-1.9.3-p392@healthystuff/gems/actionpack-3.2.13/lib/action_controller/metal/params_wrapper.rb:207:in `process_action'
/Users/rob/.rvm/gems/ruby-1.9.3-p392@healthystuff/gems/actionpack-3.2.13/lib/abstract_controller/base.rb:121:in `process'
/Users/rob/.rvm/gems/ruby-1.9.3-p392@healthystuff/gems/actionpack-3.2.13/lib/abstract_controller/rendering.rb:45:in `process'
/Users/rob/.rvm/gems/ruby-1.9.3-p392@healthystuff/gems/actionpack-3.2.13/lib/action_controller/metal.rb:203:in `dispatch'
/Users/rob/.rvm/gems/ruby-1.9.3-p392@healthystuff/gems/actionpack-3.2.13/lib/action_controller/metal/rack_delegation.rb:14:in `dispatch'
/Users/rob/.rvm/gems/ruby-1.9.3-p392@healthystuff/gems/actionpack-3.2.13/lib/action_controller/metal.rb:246:in `block in action'
/Users/rob/.rvm/gems/ruby-1.9.3-p392@healthystuff/gems/actionpack-3.2.13/lib/action_dispatch/routing/route_set.rb:73:in `call'
/Users/rob/.rvm/gems/ruby-1.9.3-p392@healthystuff/gems/actionpack-3.2.13/lib/action_dispatch/routing/route_set.rb:73:in `dispatch'
/Users/rob/.rvm/gems/ruby-1.9.3-p392@healthystuff/gems/actionpack-3.2.13/lib/action_dispatch/routing/route_set.rb:36:in `call'
/Users/rob/.rvm/gems/ruby-1.9.3-p392@healthystuff/gems/journey-1.0.4/lib/journey/router.rb:68:in `block in call'
/Users/rob/.rvm/gems/ruby-1.9.3-p392@healthystuff/gems/journey-1.0.4/lib/journey/router.rb:56:in `each'
/Users/rob/.rvm/gems/ruby-1.9.3-p392@healthystuff/gems/journey-1.0.4/lib/journey/router.rb:56:in `call'
/Users/rob/.rvm/gems/ruby-1.9.3-p392@healthystuff/gems/actionpack-3.2.13/lib/action_dispatch/routing/route_set.rb:612:in `call'
/Users/rob/.rvm/gems/ruby-1.9.3-p392@healthystuff/gems/mongoid-3.0.23/lib/rack/mongoid/middleware/identity_map.rb:34:in `block in call'
/Users/rob/.rvm/gems/ruby-1.9.3-p392@healthystuff/gems/mongoid-3.0.23/lib/mongoid/unit_of_work.rb:39:in `unit_of_work'
/Users/rob/.rvm/gems/ruby-1.9.3-p392@healthystuff/gems/mongoid-3.0.23/lib/rack/mongoid/middleware/identity_map.rb:34:in `call'
/Users/rob/.rvm/gems/ruby-1.9.3-p392@healthystuff/gems/actionpack-3.2.13/lib/action_dispatch/middleware/best_standards_support.rb:17:in `call'
/Users/rob/.rvm/gems/ruby-1.9.3-p392@healthystuff/gems/rack-1.4.5/lib/rack/etag.rb:23:in `call'
/Users/rob/.rvm/gems/ruby-1.9.3-p392@healthystuff/gems/rack-1.4.5/lib/rack/conditionalget.rb:25:in `call'
/Users/rob/.rvm/gems/ruby-1.9.3-p392@healthystuff/gems/actionpack-3.2.13/lib/action_dispatch/middleware/head.rb:14:in `call'
/Users/rob/.rvm/gems/ruby-1.9.3-p392@healthystuff/gems/actionpack-3.2.13/lib/action_dispatch/middleware/params_parser.rb:21:in `call'
/Users/rob/.rvm/gems/ruby-1.9.3-p392@healthystuff/gems/actionpack-3.2.13/lib/action_dispatch/middleware/flash.rb:242:in `call'
/Users/rob/.rvm/gems/ruby-1.9.3-p392@healthystuff/gems/rack-1.4.5/lib/rack/session/abstract/id.rb:210:in `context'
/Users/rob/.rvm/gems/ruby-1.9.3-p392@healthystuff/gems/rack-1.4.5/lib/rack/session/abstract/id.rb:205:in `call'
/Users/rob/.rvm/gems/ruby-1.9.3-p392@healthystuff/gems/actionpack-3.2.13/lib/action_dispatch/middleware/cookies.rb:341:in `call'
/Users/rob/.rvm/gems/ruby-1.9.3-p392@healthystuff/gems/actionpack-3.2.13/lib/action_dispatch/middleware/callbacks.rb:28:in `block in call'
/Users/rob/.rvm/gems/ruby-1.9.3-p392@healthystuff/gems/activesupport-3.2.13/lib/active_support/callbacks.rb:405:in `_run__1885468673726947173__call__1356091460957545390__callbacks'
/Users/rob/.rvm/gems/ruby-1.9.3-p392@healthystuff/gems/activesupport-3.2.13/lib/active_support/callbacks.rb:405:in `__run_callback'
/Users/rob/.rvm/gems/ruby-1.9.3-p392@healthystuff/gems/activesupport-3.2.13/lib/active_support/callbacks.rb:385:in `_run_call_callbacks'
/Users/rob/.rvm/gems/ruby-1.9.3-p392@healthystuff/gems/activesupport-3.2.13/lib/active_support/callbacks.rb:81:in `run_callbacks'
/Users/rob/.rvm/gems/ruby-1.9.3-p392@healthystuff/gems/actionpack-3.2.13/lib/action_dispatch/middleware/callbacks.rb:27:in `call'
/Users/rob/.rvm/gems/ruby-1.9.3-p392@healthystuff/gems/actionpack-3.2.13/lib/action_dispatch/middleware/reloader.rb:65:in `call'
/Users/rob/.rvm/gems/ruby-1.9.3-p392@healthystuff/gems/actionpack-3.2.13/lib/action_dispatch/middleware/remote_ip.rb:31:in `call'
/Users/rob/.rvm/gems/ruby-1.9.3-p392@healthystuff/gems/actionpack-3.2.13/lib/action_dispatch/middleware/debug_exceptions.rb:16:in `call'
/Users/rob/.rvm/gems/ruby-1.9.3-p392@healthystuff/gems/actionpack-3.2.13/lib/action_dispatch/middleware/show_exceptions.rb:56:in `call'
/Users/rob/.rvm/gems/ruby-1.9.3-p392@healthystuff/gems/railties-3.2.13/lib/rails/rack/logger.rb:32:in `call_app'
/Users/rob/.rvm/gems/ruby-1.9.3-p392@healthystuff/gems/railties-3.2.13/lib/rails/rack/logger.rb:16:in `block in call'
/Users/rob/.rvm/gems/ruby-1.9.3-p392@healthystuff/gems/activesupport-3.2.13/lib/active_support/tagged_logging.rb:22:in `tagged'
/Users/rob/.rvm/gems/ruby-1.9.3-p392@healthystuff/gems/railties-3.2.13/lib/rails/rack/logger.rb:16:in `call'
/Users/rob/.rvm/gems/ruby-1.9.3-p392@healthystuff/gems/actionpack-3.2.13/lib/action_dispatch/middleware/request_id.rb:22:in `call'
/Users/rob/.rvm/gems/ruby-1.9.3-p392@healthystuff/gems/rack-1.4.5/lib/rack/methodoverride.rb:21:in `call'
/Users/rob/.rvm/gems/ruby-1.9.3-p392@healthystuff/gems/rack-1.4.5/lib/rack/runtime.rb:17:in `call'
/Users/rob/.rvm/gems/ruby-1.9.3-p392@healthystuff/gems/activesupport-3.2.13/lib/active_support/cache/strategy/local_cache.rb:72:in `call'
/Users/rob/.rvm/gems/ruby-1.9.3-p392@healthystuff/gems/rack-1.4.5/lib/rack/lock.rb:15:in `call'
/Users/rob/.rvm/gems/ruby-1.9.3-p392@healthystuff/gems/actionpack-3.2.13/lib/action_dispatch/middleware/static.rb:63:in `call'
/Users/rob/.rvm/gems/ruby-1.9.3-p392@healthystuff/gems/railties-3.2.13/lib/rails/engine.rb:479:in `call'
/Users/rob/.rvm/gems/ruby-1.9.3-p392@healthystuff/gems/railties-3.2.13/lib/rails/application.rb:223:in `call'
/Users/rob/.rvm/gems/ruby-1.9.3-p392@healthystuff/gems/rack-1.4.5/lib/rack/content_length.rb:14:in `call'
/Users/rob/.rvm/gems/ruby-1.9.3-p392@healthystuff/gems/railties-3.2.13/lib/rails/rack/log_tailer.rb:17:in `call'
/Users/rob/.rvm/gems/ruby-1.9.3-p392@healthystuff/gems/rack-1.4.5/lib/rack/handler/webrick.rb:59:in `service'
/Users/rob/.rvm/rubies/ruby-1.9.3-p392/lib/ruby/1.9.1/webrick/httpserver.rb:138:in `service'
/Users/rob/.rvm/rubies/ruby-1.9.3-p392/lib/ruby/1.9.1/webrick/httpserver.rb:94:in `run'
/Users/rob/.rvm/rubies/ruby-1.9.3-p392/lib/ruby/1.9.1/webrick/server.rb:191:in `block in start_thread'
  Rendered home/index.html.haml within layouts/application (1.0ms)
Completed 500 Internal Server Error in 2ms

ActionView::Template::Error (/Users/rob/git/healthystuff/app/views/home/index.html.haml:3: syntax error, unexpected tIDENTIFIER, expecting ')'
..._to "My Groups" group_show_path(id:"hello")
...                               ^):
    1: welcome to healthystuff
    2: 
    3: = link_to "My Groups" group_show_path(id:"hello")
  actionpack (3.2.13) lib/action_view/template.rb:297:in `module_eval'
  actionpack (3.2.13) lib/action_view/template.rb:297:in `compile'
  actionpack (3.2.13) lib/action_view/template.rb:244:in `block in compile!'
  <internal:prelude>:10:in `synchronize'
  actionpack (3.2.13) lib/action_view/template.rb:232:in `compile!'
  actionpack (3.2.13) lib/action_view/template.rb:144:in `block in render'
  activesupport (3.2.13) lib/active_support/notifications.rb:125:in `instrument'
  actionpack (3.2.13) lib/action_view/template.rb:143:in `render'
  actionpack (3.2.13) lib/action_view/renderer/template_renderer.rb:47:in `block (2 levels) in render_template'
  actionpack (3.2.13) lib/action_view/renderer/abstract_renderer.rb:38:in `block in instrument'
  activesupport (3.2.13) lib/active_support/notifications.rb:123:in `block in instrument'
  activesupport (3.2.13) lib/active_support/notifications/instrumenter.rb:20:in `instrument'
  activesupport (3.2.13) lib/active_support/notifications.rb:123:in `instrument'
  actionpack (3.2.13) lib/action_view/renderer/abstract_renderer.rb:38:in `instrument'
  actionpack (3.2.13) lib/action_view/renderer/template_renderer.rb:46:in `block in render_template'
  actionpack (3.2.13) lib/action_view/renderer/template_renderer.rb:54:in `render_with_layout'
  actionpack (3.2.13) lib/action_view/renderer/template_renderer.rb:45:in `render_template'
  actionpack (3.2.13) lib/action_view/renderer/template_renderer.rb:18:in `render'
  actionpack (3.2.13) lib/action_view/renderer/renderer.rb:36:in `render_template'
  actionpack (3.2.13) lib/action_view/renderer/renderer.rb:17:in `render'
  actionpack (3.2.13) lib/abstract_controller/rendering.rb:110:in `_render_template'
  actionpack (3.2.13) lib/action_controller/metal/streaming.rb:225:in `_render_template'
  actionpack (3.2.13) lib/abstract_controller/rendering.rb:103:in `render_to_body'
  actionpack (3.2.13) lib/action_controller/metal/renderers.rb:28:in `render_to_body'
  actionpack (3.2.13) lib/action_controller/metal/compatibility.rb:50:in `render_to_body'
  actionpack (3.2.13) lib/abstract_controller/rendering.rb:88:in `render'
  actionpack (3.2.13) lib/action_controller/metal/rendering.rb:16:in `render'
  actionpack (3.2.13) lib/action_controller/metal/instrumentation.rb:40:in `block (2 levels) in render'
  activesupport (3.2.13) lib/active_support/core_ext/benchmark.rb:5:in `block in ms'
  /Users/rob/.rvm/rubies/ruby-1.9.3-p392/lib/ruby/1.9.1/benchmark.rb:295:in `realtime'
  activesupport (3.2.13) lib/active_support/core_ext/benchmark.rb:5:in `ms'
  actionpack (3.2.13) lib/action_controller/metal/instrumentation.rb:40:in `block in render'
  actionpack (3.2.13) lib/action_controller/metal/instrumentation.rb:83:in `cleanup_view_runtime'
  actionpack (3.2.13) lib/action_controller/metal/instrumentation.rb:39:in `render'
  actionpack (3.2.13) lib/action_controller/metal/implicit_render.rb:10:in `default_render'
  actionpack (3.2.13) lib/action_controller/metal/implicit_render.rb:5:in `send_action'
  actionpack (3.2.13) lib/abstract_controller/base.rb:167:in `process_action'
  actionpack (3.2.13) lib/action_controller/metal/rendering.rb:10:in `process_action'
  actionpack (3.2.13) lib/abstract_controller/callbacks.rb:18:in `block in process_action'
  activesupport (3.2.13) lib/active_support/callbacks.rb:414:in `_run__1640071580730562587__process_action__2486853354353035192__callbacks'
  activesupport (3.2.13) lib/active_support/callbacks.rb:405:in `__run_callback'
  activesupport (3.2.13) lib/active_support/callbacks.rb:385:in `_run_process_action_callbacks'
  activesupport (3.2.13) lib/active_support/callbacks.rb:81:in `run_callbacks'
  actionpack (3.2.13) lib/abstract_controller/callbacks.rb:17:in `process_action'
  actionpack (3.2.13) lib/action_controller/metal/rescue.rb:29:in `process_action'
  actionpack (3.2.13) lib/action_controller/metal/instrumentation.rb:30:in `block in process_action'
  activesupport (3.2.13) lib/active_support/notifications.rb:123:in `block in instrument'
  activesupport (3.2.13) lib/active_support/notifications/instrumenter.rb:20:in `instrument'
  activesupport (3.2.13) lib/active_support/notifications.rb:123:in `instrument'
  actionpack (3.2.13) lib/action_controller/metal/instrumentation.rb:29:in `process_action'
  actionpack (3.2.13) lib/action_controller/metal/params_wrapper.rb:207:in `process_action'
  actionpack (3.2.13) lib/abstract_controller/base.rb:121:in `process'
  actionpack (3.2.13) lib/abstract_controller/rendering.rb:45:in `process'
  actionpack (3.2.13) lib/action_controller/metal.rb:203:in `dispatch'
  actionpack (3.2.13) lib/action_controller/metal/rack_delegation.rb:14:in `dispatch'
  actionpack (3.2.13) lib/action_controller/metal.rb:246:in `block in action'
  actionpack (3.2.13) lib/action_dispatch/routing/route_set.rb:73:in `call'
  actionpack (3.2.13) lib/action_dispatch/routing/route_set.rb:73:in `dispatch'
  actionpack (3.2.13) lib/action_dispatch/routing/route_set.rb:36:in `call'
  journey (1.0.4) lib/journey/router.rb:68:in `block in call'
  journey (1.0.4) lib/journey/router.rb:56:in `each'
  journey (1.0.4) lib/journey/router.rb:56:in `call'
  actionpack (3.2.13) lib/action_dispatch/routing/route_set.rb:612:in `call'
  mongoid (3.0.23) lib/rack/mongoid/middleware/identity_map.rb:34:in `block in call'
  mongoid (3.0.23) lib/mongoid/unit_of_work.rb:39:in `unit_of_work'
  mongoid (3.0.23) lib/rack/mongoid/middleware/identity_map.rb:34:in `call'
  actionpack (3.2.13) lib/action_dispatch/middleware/best_standards_support.rb:17:in `call'
  rack (1.4.5) lib/rack/etag.rb:23:in `call'
  rack (1.4.5) lib/rack/conditionalget.rb:25:in `call'
  actionpack (3.2.13) lib/action_dispatch/middleware/head.rb:14:in `call'
  actionpack (3.2.13) lib/action_dispatch/middleware/params_parser.rb:21:in `call'
  actionpack (3.2.13) lib/action_dispatch/middleware/flash.rb:242:in `call'
  rack (1.4.5) lib/rack/session/abstract/id.rb:210:in `context'
  rack (1.4.5) lib/rack/session/abstract/id.rb:205:in `call'
  actionpack (3.2.13) lib/action_dispatch/middleware/cookies.rb:341:in `call'
  actionpack (3.2.13) lib/action_dispatch/middleware/callbacks.rb:28:in `block in call'
  activesupport (3.2.13) lib/active_support/callbacks.rb:405:in `_run__1885468673726947173__call__1356091460957545390__callbacks'
  activesupport (3.2.13) lib/active_support/callbacks.rb:405:in `__run_callback'
  activesupport (3.2.13) lib/active_support/callbacks.rb:385:in `_run_call_callbacks'
  activesupport (3.2.13) lib/active_support/callbacks.rb:81:in `run_callbacks'
  actionpack (3.2.13) lib/action_dispatch/middleware/callbacks.rb:27:in `call'
  actionpack (3.2.13) lib/action_dispatch/middleware/reloader.rb:65:in `call'
  actionpack (3.2.13) lib/action_dispatch/middleware/remote_ip.rb:31:in `call'
  actionpack (3.2.13) lib/action_dispatch/middleware/debug_exceptions.rb:16:in `call'
  actionpack (3.2.13) lib/action_dispatch/middleware/show_exceptions.rb:56:in `call'
  railties (3.2.13) lib/rails/rack/logger.rb:32:in `call_app'
  railties (3.2.13) lib/rails/rack/logger.rb:16:in `block in call'
  activesupport (3.2.13) lib/active_support/tagged_logging.rb:22:in `tagged'
  railties (3.2.13) lib/rails/rack/logger.rb:16:in `call'
  actionpack (3.2.13) lib/action_dispatch/middleware/request_id.rb:22:in `call'
  rack (1.4.5) lib/rack/methodoverride.rb:21:in `call'
  rack (1.4.5) lib/rack/runtime.rb:17:in `call'
  activesupport (3.2.13) lib/active_support/cache/strategy/local_cache.rb:72:in `call'
  rack (1.4.5) lib/rack/lock.rb:15:in `call'
  actionpack (3.2.13) lib/action_dispatch/middleware/static.rb:63:in `call'
  railties (3.2.13) lib/rails/engine.rb:479:in `call'
  railties (3.2.13) lib/rails/application.rb:223:in `call'
  rack (1.4.5) lib/rack/content_length.rb:14:in `call'
  railties (3.2.13) lib/rails/rack/log_tailer.rb:17:in `call'
  rack (1.4.5) lib/rack/handler/webrick.rb:59:in `service'
  /Users/rob/.rvm/rubies/ruby-1.9.3-p392/lib/ruby/1.9.1/webrick/httpserver.rb:138:in `service'
  /Users/rob/.rvm/rubies/ruby-1.9.3-p392/lib/ruby/1.9.1/webrick/httpserver.rb:94:in `run'
  /Users/rob/.rvm/rubies/ruby-1.9.3-p392/lib/ruby/1.9.1/webrick/server.rb:191:in `block in start_thread'


  Rendered /Users/rob/.rvm/gems/ruby-1.9.3-p392@healthystuff/gems/actionpack-3.2.13/lib/action_dispatch/middleware/templates/rescues/_trace.erb (1.0ms)
  Rendered /Users/rob/.rvm/gems/ruby-1.9.3-p392@healthystuff/gems/actionpack-3.2.13/lib/action_dispatch/middleware/templates/rescues/_request_and_response.erb (0.8ms)
  Rendered /Users/rob/.rvm/gems/ruby-1.9.3-p392@healthystuff/gems/actionpack-3.2.13/lib/action_dispatch/middleware/templates/rescues/template_error.erb within rescues/layout (7.0ms)


Started GET "/" for 127.0.0.1 at 2013-04-27 15:47:49 -0400
Processing by HomeController#index as HTML
  Rendered home/index.html.haml within layouts/application (1.1ms)
Compiled application.css  (0ms)  (pid 18299)
Compiled jquery.js  (20ms)  (pid 18299)
Compiled jquery_ujs.js  (0ms)  (pid 18299)
Compiled application.js  (33ms)  (pid 18299)
Completed 200 OK in 75ms (Views: 74.7ms)


Started GET "/assets/jquery_ujs.js?body=1" for 127.0.0.1 at 2013-04-27 15:47:49 -0400
Served asset /jquery_ujs.js - 200 OK (4ms)


Started GET "/assets/application.css?body=1" for 127.0.0.1 at 2013-04-27 15:47:49 -0400
Served asset /application.css - 200 OK (1ms)


Started GET "/assets/jquery.js?body=1" for 127.0.0.1 at 2013-04-27 15:47:49 -0400
Served asset /jquery.js - 200 OK (2ms)


Started GET "/assets/application.js?body=1" for 127.0.0.1 at 2013-04-27 15:47:49 -0400
Served asset /application.js - 200 OK (2ms)


Started GET "/groups/hello" for 127.0.0.1 at 2013-04-27 15:47:51 -0400

ActionController::RoutingError (uninitialized constant GroupsController):
  activesupport (3.2.13) lib/active_support/inflector/methods.rb:230:in `block in constantize'
  activesupport (3.2.13) lib/active_support/inflector/methods.rb:229:in `each'
  activesupport (3.2.13) lib/active_support/inflector/methods.rb:229:in `constantize'
  actionpack (3.2.13) lib/action_dispatch/routing/route_set.rb:69:in `controller_reference'
  actionpack (3.2.13) lib/action_dispatch/routing/route_set.rb:54:in `controller'
  actionpack (3.2.13) lib/action_dispatch/routing/route_set.rb:32:in `call'
  journey (1.0.4) lib/journey/router.rb:68:in `block in call'
  journey (1.0.4) lib/journey/router.rb:56:in `each'
  journey (1.0.4) lib/journey/router.rb:56:in `call'
  actionpack (3.2.13) lib/action_dispatch/routing/route_set.rb:612:in `call'
  mongoid (3.0.23) lib/rack/mongoid/middleware/identity_map.rb:34:in `block in call'
  mongoid (3.0.23) lib/mongoid/unit_of_work.rb:39:in `unit_of_work'
  mongoid (3.0.23) lib/rack/mongoid/middleware/identity_map.rb:34:in `call'
  actionpack (3.2.13) lib/action_dispatch/middleware/best_standards_support.rb:17:in `call'
  rack (1.4.5) lib/rack/etag.rb:23:in `call'
  rack (1.4.5) lib/rack/conditionalget.rb:25:in `call'
  actionpack (3.2.13) lib/action_dispatch/middleware/head.rb:14:in `call'
  actionpack (3.2.13) lib/action_dispatch/middleware/params_parser.rb:21:in `call'
  actionpack (3.2.13) lib/action_dispatch/middleware/flash.rb:242:in `call'
  rack (1.4.5) lib/rack/session/abstract/id.rb:210:in `context'
  rack (1.4.5) lib/rack/session/abstract/id.rb:205:in `call'
  actionpack (3.2.13) lib/action_dispatch/middleware/cookies.rb:341:in `call'
  actionpack (3.2.13) lib/action_dispatch/middleware/callbacks.rb:28:in `block in call'
  activesupport (3.2.13) lib/active_support/callbacks.rb:405:in `_run__1885468673726947173__call__1356091460957545390__callbacks'
  activesupport (3.2.13) lib/active_support/callbacks.rb:405:in `__run_callback'
  activesupport (3.2.13) lib/active_support/callbacks.rb:385:in `_run_call_callbacks'
  activesupport (3.2.13) lib/active_support/callbacks.rb:81:in `run_callbacks'
  actionpack (3.2.13) lib/action_dispatch/middleware/callbacks.rb:27:in `call'
  actionpack (3.2.13) lib/action_dispatch/middleware/reloader.rb:65:in `call'
  actionpack (3.2.13) lib/action_dispatch/middleware/remote_ip.rb:31:in `call'
  actionpack (3.2.13) lib/action_dispatch/middleware/debug_exceptions.rb:16:in `call'
  actionpack (3.2.13) lib/action_dispatch/middleware/show_exceptions.rb:56:in `call'
  railties (3.2.13) lib/rails/rack/logger.rb:32:in `call_app'
  railties (3.2.13) lib/rails/rack/logger.rb:16:in `block in call'
  activesupport (3.2.13) lib/active_support/tagged_logging.rb:22:in `tagged'
  railties (3.2.13) lib/rails/rack/logger.rb:16:in `call'
  actionpack (3.2.13) lib/action_dispatch/middleware/request_id.rb:22:in `call'
  rack (1.4.5) lib/rack/methodoverride.rb:21:in `call'
  rack (1.4.5) lib/rack/runtime.rb:17:in `call'
  activesupport (3.2.13) lib/active_support/cache/strategy/local_cache.rb:72:in `call'
  rack (1.4.5) lib/rack/lock.rb:15:in `call'
  actionpack (3.2.13) lib/action_dispatch/middleware/static.rb:63:in `call'
  railties (3.2.13) lib/rails/engine.rb:479:in `call'
  railties (3.2.13) lib/rails/application.rb:223:in `call'
  rack (1.4.5) lib/rack/content_length.rb:14:in `call'
  railties (3.2.13) lib/rails/rack/log_tailer.rb:17:in `call'
  rack (1.4.5) lib/rack/handler/webrick.rb:59:in `service'
  /Users/rob/.rvm/rubies/ruby-1.9.3-p392/lib/ruby/1.9.1/webrick/httpserver.rb:138:in `service'
  /Users/rob/.rvm/rubies/ruby-1.9.3-p392/lib/ruby/1.9.1/webrick/httpserver.rb:94:in `run'
  /Users/rob/.rvm/rubies/ruby-1.9.3-p392/lib/ruby/1.9.1/webrick/server.rb:191:in `block in start_thread'


  Rendered /Users/rob/.rvm/gems/ruby-1.9.3-p392@healthystuff/gems/actionpack-3.2.13/lib/action_dispatch/middleware/templates/rescues/routing_error.erb within rescues/layout (0.5ms)


Started GET "/groups/hello" for 127.0.0.1 at 2013-04-27 15:48:34 -0400
Processing by GroupsController#show as HTML
  Parameters: {"id"=>"hello"}
  Rendered groups/show.html.haml within layouts/application (1.0ms)
Completed 200 OK in 4ms (Views: 4.0ms)
